# JRE version: OpenJDK Runtime Environment Corretto-16.0.2.7.1 (16.0.2+7) (build 16.0.2+7)
# Java VM: OpenJDK 64-Bit Server VM Corretto-16.0.2.7.1 (16.0.2+7, mixed mode, sharing, tiered, compressed oops, compressed class ptrs, g1 gc, windows-amd64)
GC Precious Log:
 CPUs: 12 total, 12 available
 Memory: 5702M
 Large Page Support: Disabled
 NUMA Support: Disabled
 Compressed Oops: Enabled (32-bit)
 Heap Region Size: 1M
 Heap Min Capacity: 256M
 Heap Initial Capacity: 256M
 Heap Max Capacity: 512M
 Pre-touch: Disabled
 Parallel Workers: 10
 Concurrent Workers: 3
 Concurrent Refinement Workers: 10
 Periodic GC: Disabled
Heap:
 garbage-first heap   total 262144K, used 140997K [0x00000000e0000000, 0x0000000100000000)
  region size 1024K, 89 young (91136K), 7 survivors (7168K)
 Metaspace       used 49688K, committed 50240K, reserved 262144K
  class space    used 6674K, committed 6912K, reserved 212992K
GC Heap History (10 events):
Event: 2.859 GC heap before
{Heap before GC invocations=0 (full 0):
 garbage-first heap   total 262144K, used 28672K [0x00000000e0000000, 0x0000000100000000)
  region size 1024K, 23 young (23552K), 0 survivors (0K)
 Metaspace       used 3195K, committed 3392K, reserved 221184K
  class space    used 376K, committed 448K, reserved 212992K
}
Event: 2.867 GC heap after
{Heap after GC invocations=1 (full 0):
 garbage-first heap   total 262144K, used 9115K [0x00000000e0000000, 0x0000000100000000)
  region size 1024K, 3 young (3072K), 3 survivors (3072K)
 Metaspace       used 3195K, committed 3392K, reserved 221184K
  class space    used 376K, committed 448K, reserved 212992K
}
Event: 3.413 GC heap before
{Heap before GC invocations=1 (full 0):
 garbage-first heap   total 262144K, used 37787K [0x00000000e0000000, 0x0000000100000000)
  region size 1024K, 31 young (31744K), 3 survivors (3072K)
 Metaspace       used 4088K, committed 4288K, reserved 221184K
  class space    used 471K, committed 576K, reserved 212992K
}
Event: 3.417 GC heap after
{Heap after GC invocations=2 (full 0):
 garbage-first heap   total 262144K, used 12112K [0x00000000e0000000, 0x0000000100000000)
  region size 1024K, 2 young (2048K), 2 survivors (2048K)
 Metaspace       used 4088K, committed 4288K, reserved 221184K
  class space    used 471K, committed 576K, reserved 212992K
}
Event: 10.289 GC heap before
{Heap before GC invocations=2 (full 0):
 garbage-first heap   total 262144K, used 130896K [0x00000000e0000000, 0x0000000100000000)
  region size 1024K, 108 young (110592K), 2 survivors (2048K)
 Metaspace       used 20924K, committed 21248K, reserved 237568K
  class space    used 3034K, committed 3200K, reserved 212992K
}
Event: 10.303 GC heap after
{Heap after GC invocations=3 (full 0):
 garbage-first heap   total 262144K, used 32982K [0x00000000e0000000, 0x0000000100000000)
  region size 1024K, 13 young (13312K), 13 survivors (13312K)
 Metaspace       used 20924K, committed 21248K, reserved 237568K
  class space    used 3034K, committed 3200K, reserved 212992K
}
Event: 14.788 GC heap before
{Heap before GC invocations=4 (full 0):
 garbage-first heap   total 262144K, used 144598K [0x00000000e0000000, 0x0000000100000000)
  region size 1024K, 112 young (114688K), 13 survivors (13312K)
 Metaspace       used 35020K, committed 35520K, reserved 245760K
  class space    used 4609K, committed 4864K, reserved 212992K
}
Event: 14.812 GC heap after
{Heap after GC invocations=5 (full 0):
 garbage-first heap   total 262144K, used 53260K [0x00000000e0000000, 0x0000000100000000)
  region size 1024K, 11 young (11264K), 11 survivors (11264K)
 Metaspace       used 35020K, committed 35520K, reserved 245760K
  class space    used 4609K, committed 4864K, reserved 212992K
}
Event: 21.398 GC heap before
{Heap before GC invocations=6 (full 0):
 garbage-first heap   total 262144K, used 183308K [0x00000000e0000000, 0x0000000100000000)
  region size 1024K, 138 young (141312K), 11 survivors (11264K)
 Metaspace       used 45984K, committed 46528K, reserved 253952K
  class space    used 6170K, committed 6400K, reserved 212992K
}
Event: 21.421 GC heap after
{Heap after GC invocations=7 (full 0):
 garbage-first heap   total 262144K, used 58053K [0x00000000e0000000, 0x0000000100000000)
  region size 1024K, 7 young (7168K), 7 survivors (7168K)
 Metaspace       used 45984K, committed 46528K, reserved 253952K
  class space    used 6170K, committed 6400K, reserved 212992K
}

